audecInit(0x0161, 2, 44100, 8003, 2973, 16, 00000003, 000F, 44100, 16, 2)
audecInput(128) 0
audecDecode()
  DecodeInfo()
  DecodeData()
audecDecode()
  DecodeData()
audecDecode()
  DecodeData()
audecDecode()
  DecodeData()
audecDecode()
  DecodeData()
audecDecode()
  DecodeData()
audecDecode()
  DecodeData()
...ONHOLD
audecInput(128)
audecDecode()
  DecodeData()
audecDecode()
  DecodeData()
audecDecode()
  DecodeData()
...768 samples ready
audecGetPCM(1024)
...768 @ 768
audecDecode()
  DecodeData()
...ONHOLD
audecInput(128)
audecDecode()
  DecodeData()
...ONHOLD
audecInput(128)
audecDecode()
  DecodeData()
...1280 samples ready
audecGetPCM(1024)
...1024 @ 1792
audecGetPCM(1024)
...256 @ 2048
audecDecode()
  DecodeData()
...ONHOLD
audecInput(128)
audecDecode()
  DecodeData()
...2048 samples ready
audecGetPCM(1024)
...1024 @ 3072
audecGetPCM(1024)
