audecInit(0x0161, 2, 44100, 20004, 3716, 16, 00000003, 000F, 44100, 16, 2)
audecInput(128) 0
audecDecode()
  DecodeInfo()
  DecodeData()
audecDecode()
  DecodeData()
...ONHOLD
audecInput(128)
audecDecode()
  DecodeData()
...ONHOLD
audecInput(128)
audecDecode()
  DecodeData()
...ONHOLD
audecInput(128)
audecDecode()
  DecodeData()
...ONHOLD
audecInput(128)
audecDecode()
  DecodeData()
...ONHOLD
audecInput(128)
audecDecode()
  DecodeData()
...2048 samples ready
audecGetPCM(2048)
...2048 @ 4096
audecDecode()
  DecodeData()
...ONHOLD
audecInput(128)
audecDecode()
  DecodeData()
...ONHOLD
audecInput(128)
audecDecode()
  DecodeData()
...ONHOLD
audecInput(128)
audecDecode()
  DecodeData()
...ONHOLD
audecInput(128)
audecDecode()
  DecodeData()
...ONHOLD
audecInput(128)
audecDecode()
  DecodeData()
...2048 samples ready
audecGetPCM(2048)
...2048 @ 6144
audecDecode()
  DecodeData()
...ONHOLD
audecInput(128)
audecDecode()
  DecodeData()
...ONHOLD
audecInput(128)
audecDecode()
  DecodeData()
...ONHOLD
audecInput(128)
audecDecode()
  DecodeData()
...ONHOLD
audecInput(128)
audecDecode()
  DecodeData()
...ONHOLD
audecInput(128)
audecDecode()
  DecodeData()
...ONHOLD
audecInput(128)
audecDecode()
  DecodeData()
...2048 samples ready
audecGetPCM(2048)
...2048 @ 8192
audecDecode()
  DecodeData()
...ONHOLD
audecInput(128)
audecDecode()
  DecodeData()
...ONHOLD
audecInput(128)
audecDecode()
  DecodeData()
...ONHOLD
audecInput(128)
audecDecode()
  DecodeData()
...ONHOLD
audecInput(128)
audecDecode()
  DecodeData()
...ONHOLD
audecInput(128)
audecDecode()
  DecodeData()
...ONHOLD
audecInput(128)
audecDecode()
  DecodeData()
...2560 samples ready
audecGetPCM(2048)
...2048 @ 10240
audecGetPCM(2048)
...512 @ 10752
audecDecode()
  DecodeData()
...ONHOLD
audecInput(128)
audecDecode()
  DecodeData()
...ONHOLD
audecInput(128)
audecDecode()
  DecodeData()
...ONHOLD
audecInput(128)
audecDecode()
  DecodeData()
audecDecode()
  DecodeData()
...ONHOLD
audecInput(128)
audecDecode()
  DecodeData()
...ONHOLD
audecInput(128)
audecDecode()
  DecodeData()
audecDecode()
  DecodeData()
...ONHOLD
audecInput(128)
audecDecode()
  DecodeData()
audecDecode()
  DecodeData()
...ONHOLD
audecInput(4)
audecDecode()
  DecodeData()
...ONHOLD
audecInput(128) 186
audecDecode()
  DecodeData()
audecDecode()
  DecodeData()
audecDecode()
  DecodeData()
...ONHOLD
audecInput(128)
audecDecode()
  DecodeData()
...2496 samples ready
...NO_MORE_FRAME
audecGetPCM(2048)
...2048 @ 12800
audecGetPCM(2048)
...448 @ 13248
audecDecode()
  DecodeInfo()
  DecodeData()
...ONHOLD
audecInput(128)
audecDecode()
  DecodeData()
...ONHOLD
audecInput(128)
audecDecode()
  DecodeData()
...ONHOLD
audecInput(128)
audecDecode()
  DecodeData()
...ONHOLD
audecInput(128)
audecDecode()
  DecodeData()
audecDecode()
  DecodeData()
audecDecode()
  DecodeData()
...ONHOLD
audecInput(128)
audecDecode()
  DecodeData()
audecDecode()
  DecodeData()
...ONHOLD
audecInput(128)
audecDecode()
  DecodeData()
audecDecode()
  DecodeData()
audecDecode()
  DecodeData()
...ONHOLD
audecInput(128)
audecDecode()
  DecodeData()
...ONHOLD
audecInput(128)
audecDecode()
  DecodeData()
...2048 samples ready
audecGetPCM(2048)
...2048 @ 10250
audecDecode()
  DecodeData()
audecDecode()
  DecodeData()
...ONHOLD
audecInput(128)
audecDecode()
  DecodeData()
audecDecode()
  DecodeData()
...ONHOLD
audecInput(128)
audecDecode()
  DecodeData()
audecDecode()
  DecodeData()
audecDecode()
  DecodeData()
...ONHOLD
audecInput(128)
audecDecode()
  DecodeData()
...ONHOLD
audecInput(128)
audecDecode()
  DecodeData()
audecDecode()
  DecodeData()
...ONHOLD
audecInput(128)
audecDecode()
  DecodeData()
...ONHOLD
audecInput(128)
audecDecode()
  DecodeData()
...ONHOLD
audecInput(128)
audecDecode()
  DecodeData()
...ONHOLD
audecInput(128)
audecDecode()
  DecodeData()
...2048 samples ready
audecGetPCM(2048)
...2048 @ 12298
audecDecode()
  DecodeData()
audecDecode()
  DecodeData()
...ONHOLD
audecInput(128)
audecDecode()
  DecodeData()
audecDecode()
  DecodeData()
...ONHOLD
audecInput(128)
audecDecode()
  DecodeData()
audecDecode()
  DecodeData()
audecDecode()
  DecodeData()
...ONHOLD
audecInput(128)
audecDecode()
  DecodeData()
...ONHOLD
audecInput(128)
audecDecode()
  DecodeData()
audecDecode()
  DecodeData()
...ONHOLD
audecInput(128)
audecDecode()
  DecodeData()
...ONHOLD
audecInput(128)
audecDecode()
  DecodeData()
...ONHOLD
audecInput(128)
audecDecode()
  DecodeData()
...ONHOLD
audecInput(128)
audecDecode()
  DecodeData()
...1600 samples ready
audecGetPCM(2048)
...1600 @ 13898
audecDecode()
  DecodeData()
...ONHOLD
audecInput(128)
audecDecode()
  DecodeData()
...ONHOLD
audecInput(128)
audecDecode()
  DecodeData()
...ONHOLD
audecInput(128)
audecDecode()
  DecodeData()
...ONHOLD
audecInput(4)
audecDecode()
  DecodeData()
...ONHOLD
audecInput(128) 371
audecDecode()
  DecodeData()
...ONHOLD
audecInput(128)
audecDecode()
  DecodeData()
...ONHOLD
audecInput(128)
audecDecode()
  DecodeData()
...ONHOLD
audecInput(128)
audecDecode()
  DecodeData()
...1536 samples ready
...NO_MORE_FRAME
audecGetPCM(2048)
...1536 @ 15434
audecDecode()
  DecodeInfo()
  DecodeData()
...ONHOLD
audecInput(128)
audecDecode()
  DecodeData()
...ONHOLD
audecInput(128)
audecDecode()
  DecodeData()
...ONHOLD
audecInput(128)
audecDecode()
  DecodeData()
...ONHOLD
audecInput(128)
audecDecode()
  DecodeData()
...ONHOLD
audecInput(128)
audecDecode()
  DecodeData()
...ONHOLD
audecInput(128)
audecDecode()
  DecodeData()
...2816 samples ready
audecGetPCM(2048)
...2048 @ 18409
audecGetPCM(2048)
...768 @ 19177
audecDecode()
  DecodeData()
...ONHOLD
audecInput(128)
audecDecode()
  DecodeData()
...ONHOLD
audecInput(128)
audecDecode()
  DecodeData()
audecDecode()
  DecodeData()
...ONHOLD
audecInput(128)
audecDecode()
  DecodeData()
audecDecode()
  DecodeData()
audecDecode()
  DecodeData()
...ONHOLD
audecInput(128)
audecDecode()
  DecodeData()
audecDecode()
  DecodeData()
...ONHOLD
audecInput(128)
audecDecode()
  DecodeData()
audecDecode()
  DecodeData()
audecDecode()
  DecodeData()
...ONHOLD
audecInput(128)
audecDecode()
  DecodeData()
audecDecode()
  DecodeData()
...ONHOLD
audecInput(128)
audecDecode()
  DecodeData()
...ONHOLD
audecInput(128)
audecDecode()
  DecodeData()
...2048 samples ready
audecGetPCM(2048)
...2048 @ 21225
audecDecode()
  DecodeData()
...ONHOLD
audecInput(128)
audecDecode()
  DecodeData()
...ONHOLD
audecInput(128)
audecDecode()
  DecodeData()
...ONHOLD
audecInput(128)
audecDecode()
  DecodeData()
...ONHOLD
audecInput(128)
audecDecode()
  DecodeData()
...ONHOLD
audecInput(128)
audecDecode()
  DecodeData()
...ONHOLD
audecInput(128)
audecDecode()
  DecodeData()
...ONHOLD
audecInput(128)
audecDecode()
  DecodeData()
...1280 samples ready
audecGetPCM(2048)
...1280 @ 22505
audecDecode()
  DecodeData()
...ONHOLD
audecInput(128)
audecDecode()
  DecodeData()
...ONHOLD
audecInput(128)
audecDecode()
  DecodeData()
...ONHOLD
audecInput(128)
audecDecode()
  DecodeData()
...ONHOLD
audecInput(128)
audecDecode()
  DecodeData()
...ONHOLD
audecInput(4)
audecDecode()
  DecodeData()
...ONHOLD
audecInput(128) 557
audecDecode()
  DecodeData()
...ONHOLD
audecInput(128)
audecDecode()
  DecodeData()
...ONHOLD
audecInput(128)
audecDecode()
  DecodeData()
...2048 samples ready
...NO_MORE_FRAME
audecGetPCM(2048)
...2048 @ 24553
audecDecode()
  DecodeInfo()
  DecodeData()
...ONHOLD
audecInput(128)
audecDecode()
  DecodeData()
...ONHOLD
audecInput(128)
audecDecode()
  DecodeData()
...ONHOLD
audecInput(128)
audecDecode()
  DecodeData()
...ONHOLD
audecInput(128)
audecDecode()
  DecodeData()
...ONHOLD
audecInput(128)
audecDecode()
  DecodeData()
...ONHOLD
audecInput(128)
audecDecode()
  DecodeData()
...ONHOLD
audecInput(128)
audecDecode()
  DecodeData()
...2048 samples ready
audecGetPCM(2048)
...2048 @ 26611
audecDecode()
  DecodeData()
...ONHOLD
audecInput(128)
audecDecode()
  DecodeData()
...ONHOLD
audecInput(128)
audecDecode()
  DecodeData()
...ONHOLD
audecInput(128)
audecDecode()
  DecodeData()
...ONHOLD
audecInput(128)
audecDecode()
  DecodeData()
...ONHOLD
audecInput(128)
audecDecode()
  DecodeData()
...ONHOLD
audecInput(128)
audecDecode()
  DecodeData()
...ONHOLD
audecInput(128)
audecDecode()
  DecodeData()
...2048 samples ready
audecGetPCM(2048)
...2048 @ 28659
audecDecode()
  DecodeData()
...ONHOLD
audecInput(128)
audecDecode()
  DecodeData()
...ONHOLD
audecInput(128)
audecDecode()
  DecodeData()
...ONHOLD
audecInput(128)
audecDecode()
  DecodeData()
...ONHOLD
audecInput(128)
audecDecode()
  DecodeData()
...ONHOLD
audecInput(128)
audecDecode()
  DecodeData()
...ONHOLD
audecInput(128)
audecDecode()
  DecodeData()
...ONHOLD
audecInput(128)
audecDecode()
  DecodeData()
...2560 samples ready
audecGetPCM(2048)
...2048 @ 30707
audecGetPCM(2048)
...512 @ 31219
audecDecode()
  DecodeData()
...ONHOLD
audecInput(128)
audecDecode()
  DecodeData()
...ONHOLD
audecInput(128)
audecDecode()
  DecodeData()
...ONHOLD
audecInput(128)
audecDecode()
  DecodeData()
...ONHOLD
audecInput(128)
audecDecode()
  DecodeData()
audecDecode()
  DecodeData()
...ONHOLD
audecInput(128)
audecDecode()
  DecodeData()
audecDecode()
  DecodeData()
audecDecode()
  DecodeData()
...ONHOLD
audecInput(4)
audecDecode()
  DecodeData()
...ONHOLD
audecInput(128) 743
audecDecode()
  DecodeData()
audecDecode()
  DecodeData()
...ONHOLD
audecInput(128)
audecDecode()
  DecodeData()
...ONHOLD
audecInput(128)
audecDecode()
  DecodeData()
...2304 samples ready
...NO_MORE_FRAME
audecGetPCM(2048)
...2048 @ 33267
audecGetPCM(2048)
...256 @ 33523
audecDecode()
  DecodeInfo()
  DecodeData()
...ONHOLD
audecInput(128)
audecDecode()
  DecodeData()
...ONHOLD
audecInput(128)
audecDecode()
  DecodeData()
...ONHOLD
audecInput(128)
audecDecode()
  DecodeData()
...ONHOLD
audecInput(128)
audecDecode()
  DecodeData()
...ONHOLD
audecInput(128)
audecDecode()
  DecodeData()
...ONHOLD
audecInput(128)
audecDecode()
  DecodeData()
...ONHOLD
audecInput(128)
audecDecode()
  DecodeData()
...ONHOLD
audecInput(128)
audecDecode()
  DecodeData()
...1280 samples ready
audecGetPCM(2048)
...1280 @ 34046
audecDecode()
  DecodeData()
...ONHOLD
audecInput(128)
audecDecode()
  DecodeData()
...ONHOLD
audecInput(128)
audecDecode()
  DecodeData()
...ONHOLD
audecInput(128)
audecDecode()
  DecodeData()
...ONHOLD
audecInput(128)
audecDecode()
  DecodeData()
...ONHOLD
audecInput(128)
audecDecode()
  DecodeData()
...ONHOLD
audecInput(128)
audecDecode()
  DecodeData()
...ONHOLD
audecInput(128)
audecDecode()
  DecodeData()
...ONHOLD
audecInput(128)
audecDecode()
  DecodeData()
...2048 samples ready
audecGetPCM(2048)
...2048 @ 36094
audecDecode()
  DecodeData()
...ONHOLD
audecInput(128)
audecDecode()
  DecodeData()
...ONHOLD
audecInput(128)
audecDecode()
  DecodeData()
...ONHOLD
audecInput(128)
audecDecode()
  DecodeData()
...ONHOLD
audecInput(128)
audecDecode()
  DecodeData()
...ONHOLD
audecInput(128)
audecDecode()
  DecodeData()
...ONHOLD
audecInput(128)
audecDecode()
  DecodeData()
...ONHOLD
audecInput(128)
audecDecode()
  DecodeData()
...ONHOLD
audecInput(128)
audecDecode()
  DecodeData()
...2048 samples ready
audecGetPCM(2048)
...2048 @ 38142
audecDecode()
  DecodeData()
...ONHOLD
audecInput(128)
audecDecode()
  DecodeData()
...ONHOLD
audecInput(128)
audecDecode()
  DecodeData()
...ONHOLD
audecInput(4)
audecDecode()
  DecodeData()
...ONHOLD
audecInput(128) 929
audecDecode()
  DecodeData()
...ONHOLD
audecInput(128)
audecDecode()
  DecodeData()
...ONHOLD
audecInput(128)
audecDecode()
  DecodeData()
...ONHOLD
audecInput(128)
audecDecode()
  DecodeData()
...ONHOLD
audecInput(128)
audecDecode()
  DecodeData()
...2048 samples ready
...NO_MORE_FRAME
audecGetPCM(2048)
...2048 @ 40190
audecDecode()
  DecodeInfo()
  DecodeData()
...ONHOLD
audecInput(128)
audecDecode()
  DecodeData()
...ONHOLD
audecInput(128)
audecDecode()
  DecodeData()
...ONHOLD
audecInput(128)
audecDecode()
  DecodeData()
...ONHOLD
audecInput(128)
audecDecode()
  DecodeData()
...ONHOLD
audecInput(128)
audecDecode()
  DecodeData()
...ONHOLD
audecInput(128)
audecDecode()
  DecodeData()
...ONHOLD
audecInput(128)
audecDecode()
  DecodeData()
...ONHOLD
audecInput(128)
audecDecode()
  DecodeData()
...2048 samples ready
audecGetPCM(2048)
...2048 @ 43016
audecDecode()
  DecodeData()
...ONHOLD
audecInput(128)
audecDecode()
  DecodeData()
...ONHOLD
audecInput(128)
audecDecode()
  DecodeData()
...ONHOLD
audecInput(128)
audecDecode()
  DecodeData()
...ONHOLD
audecInput(128)
audecDecode()
  DecodeData()
...ONHOLD
audecInput(128)
audecDecode()
  DecodeData()
...ONHOLD
audecInput(128)
audecDecode()
  DecodeData()
...ONHOLD
audecInput(128)
audecDecode()
  DecodeData()
...2048 samples ready
audecGetPCM(2048)
...2048 @ 45064
audecDecode()
  DecodeData()
...ONHOLD
audecInput(128)
audecDecode()
  DecodeData()
...ONHOLD
audecInput(128)
audecDecode()
  DecodeData()
...ONHOLD
audecInput(128)
audecDecode()
  DecodeData()
...ONHOLD
audecInput(128)
audecDecode()
  DecodeData()
...ONHOLD
audecInput(128)
audecDecode()
  DecodeData()
...ONHOLD
audecInput(128)
audecDecode()
  DecodeData()
...ONHOLD
audecInput(128)
audecDecode()
  DecodeData()
...ONHOLD
audecInput(128)
audecDecode()
  DecodeData()
...2048 samples ready
audecGetPCM(2048)
...2048 @ 47112
audecDecode()
  DecodeData()
...ONHOLD
audecInput(128)
audecDecode()
  DecodeData()
...ONHOLD
audecInput(4)
audecDecode()
  DecodeData()
...ONHOLD
audecInput(128) 1114
audecDecode()
  DecodeData()
...ONHOLD
audecInput(128)
audecDecode()
  DecodeData()
...ONHOLD
audecInput(128)
audecDecode()
  DecodeData()
...ONHOLD
audecInput(128)
audecDecode()
  DecodeData()
...ONHOLD
audecInput(128)
audecDecode()
  DecodeData()
...ONHOLD
audecInput(128)
audecDecode()
  DecodeData()
...2048 samples ready
...NO_MORE_FRAME
audecGetPCM(2048)
...2048 @ 49160
audecDecode()
  DecodeInfo()
  DecodeData()
...ONHOLD
audecInput(128)
audecDecode()
  DecodeData()
...ONHOLD
audecInput(128)
audecDecode()
  DecodeData()
...ONHOLD
audecInput(128)
audecDecode()
  DecodeData()
...ONHOLD
audecInput(128)
audecDecode()
  DecodeData()
...ONHOLD
audecInput(128)
audecDecode()
  DecodeData()
...ONHOLD
audecInput(128)
audecDecode()
  DecodeData()
...ONHOLD
audecInput(128)
audecDecode()
  DecodeData()
...ONHOLD
audecInput(128)
audecDecode()
  DecodeData()
...2048 samples ready
audecGetPCM(2048)
...2048 @ 51175
audecDecode()
  DecodeData()
...ONHOLD
audecInput(128)
audecDecode()
  DecodeData()
...ONHOLD
audecInput(128)
audecDecode()
  DecodeData()
...ONHOLD
audecInput(128)
audecDecode()
  DecodeData()
...ONHOLD
audecInput(128)
audecDecode()
  DecodeData()
...ONHOLD
audecInput(128)
audecDecode()
  DecodeData()
...ONHOLD
audecInput(128)
audecDecode()
  DecodeData()
...ONHOLD
audecInput(128)
audecDecode()
  DecodeData()
...2048 samples ready
audecGetPCM(2048)
...2048 @ 53223
audecDecode()
  DecodeData()
...ONHOLD
audecInput(128)
audecDecode()
  DecodeData()
...ONHOLD
audecInput(128)
audecDecode()
  DecodeData()
...ONHOLD
audecInput(128)
audecDecode()
  DecodeData()
...ONHOLD
audecInput(128)
audecDecode()
  DecodeData()
...ONHOLD
audecInput(128)
audecDecode()
  DecodeData()
...ONHOLD
audecInput(128)
audecDecode()
  DecodeData()
...ONHOLD
audecInput(128)
audecDecode()
  DecodeData()
...ONHOLD
audecInput(128)
audecDecode()
  DecodeData()
...2048 samples ready
audecGetPCM(2048)
...2048 @ 55271
audecDecode()
  DecodeData()
...ONHOLD
audecInput(4)
audecDecode()
  DecodeData()
...ONHOLD
audecInput(128) 1300
audecDecode()
  DecodeData()
...ONHOLD
audecInput(128)
audecDecode()
  DecodeData()
...ONHOLD
audecInput(128)
audecDecode()
  DecodeData()
...ONHOLD
audecInput(128)
audecDecode()
  DecodeData()
...ONHOLD
audecInput(128)
audecDecode()
  DecodeData()
...ONHOLD
audecInput(128)
audecDecode()
  DecodeData()
...ONHOLD
audecInput(128)
audecDecode()
  DecodeData()
...ONHOLD
audecInput(128)
audecDecode()
  DecodeData()
...2048 samples ready
...NO_MORE_FRAME
audecGetPCM(2048)
...2048 @ 57319
audecDecode()
  DecodeInfo()
  DecodeData()
...ONHOLD
audecInput(128)
audecDecode()
  DecodeData()
...ONHOLD
audecInput(128)
audecDecode()
  DecodeData()
...ONHOLD
audecInput(128)
audecDecode()
  DecodeData()
...ONHOLD
audecInput(128)
audecDecode()
  DecodeData()
...ONHOLD
audecInput(128)
audecDecode()
  DecodeData()
...ONHOLD
audecInput(128)
audecDecode()
  DecodeData()
...ONHOLD
audecInput(128)
audecDecode()
  DecodeData()
...2048 samples ready
audecGetPCM(2048)
...2048 @ 59378
audecDecode()
  DecodeData()
...ONHOLD
audecInput(128)
audecDecode()
  DecodeData()
...ONHOLD
audecInput(128)
audecDecode()
  DecodeData()
...ONHOLD
audecInput(128)
audecDecode()
  DecodeData()
...ONHOLD
audecInput(128)
audecDecode()
  DecodeData()
...ONHOLD
audecInput(128)
audecDecode()
  DecodeData()
...ONHOLD
audecInput(128)
audecDecode()
  DecodeData()
...ONHOLD
audecInput(128)
audecDecode()
  DecodeData()
...2048 samples ready
...NO_MORE_FRAME
audecGetPCM(2048)
...2048 @ 61426
audecDecode()
  DecodeInfo()
...ONHOLD
audecInput(128)
audecDecode()
  DecodeInfo()
...ONHOLD
audecInput(128)
audecDecode()
  DecodeInfo()
...ONHOLD
audecInput(128)
audecDecode()
  DecodeInfo()
...ONHOLD
audecInput(128)
audecDecode()
  DecodeInfo()
...ONHOLD
audecInput(128)
audecDecode()
  DecodeInfo()
...ONHOLD
audecInput(128)
audecDecode()
  DecodeInfo()
...ONHOLD
audecInput(128)
audecDecode()
  DecodeInfo()
...ONHOLD
audecInput(4)
audecDecode()
  DecodeInfo()
...ONHOLD
audecInput(128) 1500
audecDecode()
  DecodeInfo()
  DecodeData()
...ONHOLD
audecInput(128)
audecDecode()
  DecodeData()
...ONHOLD
audecInput(128)
audecDecode()
  DecodeData()
...ONHOLD
audecInput(128)
audecDecode()
  DecodeData()
...ONHOLD
audecInput(128)
audecDecode()
  DecodeData()
...ONHOLD
audecInput(128)
audecDecode()
  DecodeData()
...2048 samples ready
audecGetPCM(2048)
...2048 @ 68198
audecDecode()
  DecodeData()
...ONHOLD
audecInput(128)
audecDecode()
  DecodeData()
...ONHOLD
audecInput(128)
audecDecode()
  DecodeData()
...ONHOLD
audecInput(128)
audecDecode()
  DecodeData()
...ONHOLD
audecInput(128)
audecDecode()
  DecodeData()
...ONHOLD
audecInput(128)
audecDecode()
  DecodeData()
...2048 samples ready
audecGetPCM(2048)
...2048 @ 70246
audecDecode()
  DecodeData()
...ONHOLD
audecInput(128)
audecDecode()
  DecodeData()
...ONHOLD
audecInput(128)
audecDecode()
  DecodeData()
...ONHOLD
audecInput(128)
audecDecode()
  DecodeData()
...ONHOLD
audecInput(128)
audecDecode()
  DecodeData()
...2048 samples ready
audecGetPCM(2048)
...2048 @ 72294
audecDecode()
  DecodeData()
...ONHOLD
audecInput(128)
audecDecode()
  DecodeData()
...ONHOLD
audecInput(128)
audecDecode()
  DecodeData()
...ONHOLD
audecInput(128)
audecDecode()
  DecodeData()
...ONHOLD
audecInput(128)
audecDecode()
  DecodeData()
...ONHOLD
audecInput(128)
audecDecode()
  DecodeData()
...2048 samples ready
audecGetPCM(2048)
...2048 @ 74342
audecDecode()
  DecodeData()
...ONHOLD
audecInput(128)
audecDecode()
  DecodeData()
...ONHOLD
audecInput(128)
audecDecode()
  DecodeData()
...ONHOLD
audecInput(128)
audecDecode()
  DecodeData()
...ONHOLD
audecInput(128)
audecDecode()
  DecodeData()
...ONHOLD
audecInput(128)
audecDecode()
  DecodeData()
...2048 samples ready
audecGetPCM(2048)
...2048 @ 76390
audecDecode()
  DecodeData()
...ONHOLD
audecInput(128)
audecDecode()
  DecodeData()
...ONHOLD
audecInput(128)
audecDecode()
  DecodeData()
...ONHOLD
audecInput(128)
audecDecode()
  DecodeData()
...ONHOLD
audecInput(128)
audecDecode()
  DecodeData()
...ONHOLD
audecInput(4)
audecDecode()
  DecodeData()
...ONHOLD
audecInput(128) 1686
audecDecode()
  DecodeData()
...2048 samples ready
...NO_MORE_FRAME
audecGetPCM(2048)
...2048 @ 78438
audecDecode()
  DecodeInfo()
  DecodeData()
...ONHOLD
audecInput(128)
audecDecode()
  DecodeData()
...ONHOLD
audecInput(128)
audecDecode()
  DecodeData()
...ONHOLD
audecInput(128)
audecDecode()
  DecodeData()
...ONHOLD
audecInput(128)
audecDecode()
  DecodeData()
...ONHOLD
audecInput(128)
audecDecode()
  DecodeData()
...2048 samples ready
audecGetPCM(2048)
...2048 @ 76400
audecDecode()
  DecodeData()
...ONHOLD
audecInput(128)
audecDecode()
  DecodeData()
...ONHOLD
audecInput(128)
audecDecode()
  DecodeData()
...ONHOLD
audecInput(128)
audecDecode()
  DecodeData()
...ONHOLD
audecInput(128)
audecDecode()
  DecodeData()
...ONHOLD
audecInput(128)
audecDecode()
  DecodeData()
...2048 samples ready
audecGetPCM(2048)
...2048 @ 78448
audecDecode()
  DecodeData()
...ONHOLD
audecInput(128)
audecDecode()
  DecodeData()
...ONHOLD
audecInput(128)
audecDecode()
  DecodeData()
...ONHOLD
audecInput(128)
audecDecode()
  DecodeData()
...ONHOLD
audecInput(128)
audecDecode()
  DecodeData()
...ONHOLD
audecInput(128)
audecDecode()
  DecodeData()
...2048 samples ready
audecGetPCM(2048)
...2048 @ 80496
audecDecode()
  DecodeData()
...ONHOLD
audecInput(128)
audecDecode()
  DecodeData()
...ONHOLD
audecInput(128)
audecDecode()
  DecodeData()
...ONHOLD
audecInput(128)
audecDecode()
  DecodeData()
...ONHOLD
audecInput(128)
audecDecode()
  DecodeData()
...ONHOLD
audecInput(128)
audecDecode()
  DecodeData()
...2048 samples ready
audecGetPCM(2048)
...2048 @ 82544
audecDecode()
  DecodeData()
...ONHOLD
audecInput(128)
audecDecode()
  DecodeData()
...ONHOLD
audecInput(128)
audecDecode()
  DecodeData()
...ONHOLD
audecInput(128)
audecDecode()
  DecodeData()
...ONHOLD
audecInput(128)
audecDecode()
  DecodeData()
...ONHOLD
audecInput(128)
audecDecode()
  DecodeData()
...2048 samples ready
audecGetPCM(2048)
...2048 @ 84592
audecDecode()
  DecodeData()
...ONHOLD
audecInput(128)
audecDecode()
  DecodeData()
...ONHOLD
audecInput(128)
audecDecode()
  DecodeData()
...ONHOLD
audecInput(128)
audecDecode()
  DecodeData()
...ONHOLD
audecInput(4)
audecDecode()
  DecodeData()
...ONHOLD
audecInput(128) 1871
audecDecode()
  DecodeData()
...ONHOLD
audecInput(128)
audecDecode()
  DecodeData()
...ONHOLD
audecInput(128)
audecDecode()
  DecodeData()
...2048 samples ready
...NO_MORE_FRAME
audecGetPCM(2048)
...2048 @ 86640
audecDecode()
  DecodeInfo()
  DecodeData()
...ONHOLD
audecInput(128)
audecDecode()
  DecodeData()
...ONHOLD
audecInput(128)
audecDecode()
  DecodeData()
...ONHOLD
audecInput(128)
audecDecode()
  DecodeData()
...ONHOLD
audecInput(128)
audecDecode()
  DecodeData()
...ONHOLD
audecInput(128)
audecDecode()
  DecodeData()
...2048 samples ready
audecGetPCM(2048)
...2048 @ 84559
audecDecode()
  DecodeData()
...ONHOLD
audecInput(128)
audecDecode()
  DecodeData()
...ONHOLD
audecInput(128)
audecDecode()
  DecodeData()
...ONHOLD
audecInput(128)
audecDecode()
  DecodeData()
...ONHOLD
audecInput(128)
audecDecode()
  DecodeData()
...ONHOLD
audecInput(128)
audecDecode()
  DecodeData()
...2048 samples ready
audecGetPCM(2048)
...2048 @ 86607
audecDecode()
  DecodeData()
...ONHOLD
audecInput(128)
audecDecode()
  DecodeData()
...ONHOLD
audecInput(128)
audecDecode()
  DecodeData()
...ONHOLD
audecInput(128)
audecDecode()
  DecodeData()
...ONHOLD
audecInput(128)
audecDecode()
  DecodeData()
...ONHOLD
audecInput(128)
audecDecode()
  DecodeData()
...2048 samples ready
audecGetPCM(2048)
...2048 @ 88655
audecDecode()
  DecodeData()
...ONHOLD
audecInput(128)
audecDecode()
  DecodeData()
...ONHOLD
audecInput(128)
audecDecode()
  DecodeData()
...ONHOLD
audecInput(128)
audecDecode()
  DecodeData()
...ONHOLD
audecInput(128)
audecDecode()
  DecodeData()
...ONHOLD
audecInput(128)
audecDecode()
  DecodeData()
...2560 samples ready
audecGetPCM(2048)
...2048 @ 90703
audecGetPCM(2048)
...512 @ 91215
audecDecode()
  DecodeData()
...ONHOLD
audecInput(128)
audecDecode()
  DecodeData()
...ONHOLD
audecInput(128)
audecDecode()
  DecodeData()
...ONHOLD
audecInput(128)
audecDecode()
  DecodeData()
...ONHOLD
audecInput(128)
audecDecode()
  DecodeData()
audecDecode()
  DecodeData()
...ONHOLD
audecInput(128)
audecDecode()
  DecodeData()
...ONHOLD
audecInput(128)
audecDecode()
  DecodeData()
audecDecode()
  DecodeData()
...ONHOLD
audecInput(4)
audecDecode()
  DecodeData()
...ONHOLD
audecInput(128) 2057
audecDecode()
  DecodeData()
audecDecode()
  DecodeData()
audecDecode()
  DecodeData()
...ONHOLD
audecInput(128)
audecDecode()
  DecodeData()
...2496 samples ready
...NO_MORE_FRAME
audecGetPCM(2048)
...2048 @ 93263
audecGetPCM(2048)
...448 @ 93711
audecDecode()
  DecodeInfo()
  DecodeData()
...ONHOLD
audecInput(128)
audecDecode()
  DecodeData()
...ONHOLD
audecInput(128)
audecDecode()
  DecodeData()
...ONHOLD
audecInput(128)
audecDecode()
  DecodeData()
...ONHOLD
audecInput(128)
audecDecode()
  DecodeData()
audecDecode()
  DecodeData()
...ONHOLD
audecInput(128)
audecDecode()
  DecodeData()
audecDecode()
  DecodeData()
audecDecode()
  DecodeData()
...ONHOLD
audecInput(128)
audecDecode()
  DecodeData()
audecDecode()
  DecodeData()
...ONHOLD
audecInput(128)
audecDecode()
  DecodeData()
...ONHOLD
audecInput(128)
audecDecode()
  DecodeData()
...1984 samples ready
audecGetPCM(2048)
...1984 @ 92697
audecDecode()
  DecodeData()
...ONHOLD
audecInput(128)
audecDecode()
  DecodeData()
audecDecode()
  DecodeData()
...ONHOLD
audecInput(128)
audecDecode()
  DecodeData()
audecDecode()
  DecodeData()
audecDecode()
  DecodeData()
...ONHOLD
audecInput(128)
audecDecode()
  DecodeData()
...ONHOLD
audecInput(128)
audecDecode()
  DecodeData()
audecDecode()
  DecodeData()
...ONHOLD
audecInput(128)
audecDecode()
  DecodeData()
...ONHOLD
audecInput(128)
audecDecode()
  DecodeData()
...ONHOLD
audecInput(128)
audecDecode()
  DecodeData()
...ONHOLD
audecInput(128)
audecDecode()
  DecodeData()
...2048 samples ready
audecGetPCM(2048)
...2048 @ 94745
audecDecode()
  DecodeData()
...ONHOLD
audecInput(128)
audecDecode()
  DecodeData()
audecDecode()
  DecodeData()
...ONHOLD
audecInput(128)
audecDecode()
  DecodeData()
audecDecode()
  DecodeData()
audecDecode()
  DecodeData()
...ONHOLD
audecInput(128)
audecDecode()
  DecodeData()
...ONHOLD
audecInput(128)
audecDecode()
  DecodeData()
audecDecode()
  DecodeData()
...ONHOLD
audecInput(128)
audecDecode()
  DecodeData()
...ONHOLD
audecInput(128)
audecDecode()
  DecodeData()
...ONHOLD
audecInput(128)
audecDecode()
  DecodeData()
...ONHOLD
audecInput(128)
audecDecode()
  DecodeData()
...2112 samples ready
audecGetPCM(2048)
...2048 @ 96793
audecGetPCM(2048)
...64 @ 96857
audecDecode()
  DecodeData()
...ONHOLD
audecInput(128)
audecDecode()
  DecodeData()
audecDecode()
  DecodeData()
audecDecode()
  DecodeData()
...ONHOLD
audecInput(128)
audecDecode()
  DecodeData()
audecDecode()
  DecodeData()
...ONHOLD
audecInput(128)
audecDecode()
  DecodeData()
...ONHOLD
audecInput(4)
audecDecode()
  DecodeData()
...ONHOLD
audecInput(128) 2243
audecDecode()
  DecodeData()
audecDecode()
  DecodeData()
...ONHOLD
audecInput(128)
audecDecode()
  DecodeData()
...ONHOLD
audecInput(128)
audecDecode()
  DecodeData()
...ONHOLD
audecInput(128)
audecDecode()
  DecodeData()
...ONHOLD
audecInput(128)
audecDecode()
  DecodeData()
...1600 samples ready
...NO_MORE_FRAME
audecGetPCM(2048)
...1600 @ 98457
audecDecode()
  DecodeInfo()
  DecodeData()
...ONHOLD
audecInput(128)
audecDecode()
  DecodeData()
...ONHOLD
audecInput(128)
audecDecode()
  DecodeData()
...ONHOLD
audecInput(128)
audecDecode()
  DecodeData()
...ONHOLD
audecInput(128)
audecDecode()
  DecodeData()
...ONHOLD
audecInput(128)
audecDecode()
  DecodeData()
...ONHOLD
audecInput(128)
audecDecode()
  DecodeData()
...ONHOLD
audecInput(128)
audecDecode()
  DecodeData()
...2048 samples ready
audecGetPCM(2048)
...2048 @ 100964
audecDecode()
  DecodeData()
...ONHOLD
audecInput(128)
audecDecode()
  DecodeData()
...ONHOLD
audecInput(128)
audecDecode()
  DecodeData()
...ONHOLD
audecInput(128)
audecDecode()
  DecodeData()
audecDecode()
  DecodeData()
...ONHOLD
audecInput(128)
audecDecode()
  DecodeData()
audecDecode()
  DecodeData()
audecDecode()
  DecodeData()
...ONHOLD
audecInput(128)
audecDecode()
  DecodeData()
audecDecode()
  DecodeData()
...ONHOLD
audecInput(128)
audecDecode()
  DecodeData()
audecDecode()
  DecodeData()
...ONHOLD
audecInput(128)
audecDecode()
  DecodeData()
...ONHOLD
audecInput(128)
audecDecode()
  DecodeData()
...2304 samples ready
audecGetPCM(2048)
...2048 @ 103012
audecGetPCM(2048)
...256 @ 103268
audecDecode()
  DecodeData()
...ONHOLD
audecInput(128)
audecDecode()
  DecodeData()
...ONHOLD
audecInput(128)
audecDecode()
  DecodeData()
...ONHOLD
audecInput(128)
audecDecode()
  DecodeData()
...ONHOLD
audecInput(128)
audecDecode()
  DecodeData()
...ONHOLD
audecInput(128)
audecDecode()
  DecodeData()
...ONHOLD
audecInput(128)
audecDecode()
  DecodeData()
...ONHOLD
audecInput(128)
audecDecode()
  DecodeData()
...2176 samples ready
audecGetPCM(2048)
...2048 @ 105316
audecGetPCM(2048)
...128 @ 105444
audecDecode()
  DecodeData()
...ONHOLD
audecInput(128)
audecDecode()
  DecodeData()
audecDecode()
  DecodeData()
...ONHOLD
audecInput(128)
audecDecode()
  DecodeData()
audecDecode()
  DecodeData()
audecDecode()
  DecodeData()
...ONHOLD
audecInput(4)
audecDecode()
  DecodeData()
...ONHOLD
audecInput(128) 2429
audecDecode()
  DecodeData()
audecDecode()
  DecodeData()
audecDecode()
  DecodeData()
...ONHOLD
audecInput(128)
audecDecode()
  DecodeData()
audecDecode()
  DecodeData()
...ONHOLD
audecInput(128)
audecDecode()
  DecodeData()
...ONHOLD
audecInput(128)
audecDecode()
  DecodeData()
...ONHOLD
audecInput(128)
audecDecode()
  DecodeData()
...ONHOLD
audecInput(128)
audecDecode()
  DecodeData()
...1664 samples ready
...NO_MORE_FRAME
audecGetPCM(2048)
...1664 @ 107108
audecDecode()
  DecodeInfo()
  DecodeData()
...ONHOLD
audecInput(128)
audecDecode()
  DecodeData()
...ONHOLD
audecInput(128)
audecDecode()
  DecodeData()
...ONHOLD
audecInput(128)
audecDecode()
  DecodeData()
...ONHOLD
audecInput(128)
audecDecode()
  DecodeData()
...ONHOLD
audecInput(128)
audecDecode()
  DecodeData()
...ONHOLD
audecInput(128)
audecDecode()
  DecodeData()
...ONHOLD
audecInput(128)
audecDecode()
  DecodeData()
...ONHOLD
audecInput(128)
audecDecode()
  DecodeData()
...1536 samples ready
audecGetPCM(2048)
...1536 @ 108654
audecDecode()
  DecodeData()
...ONHOLD
audecInput(128)
audecDecode()
  DecodeData()
...ONHOLD
audecInput(128)
audecDecode()
  DecodeData()
...ONHOLD
audecInput(128)
audecDecode()
  DecodeData()
...ONHOLD
audecInput(128)
audecDecode()
  DecodeData()
...ONHOLD
audecInput(128)
audecDecode()
  DecodeData()
...ONHOLD
audecInput(128)
audecDecode()
  DecodeData()
...ONHOLD
audecInput(128)
audecDecode()
  DecodeData()
...2048 samples ready
audecGetPCM(2048)
...2048 @ 110702
audecDecode()
  DecodeData()
...ONHOLD
audecInput(128)
audecDecode()
  DecodeData()
...ONHOLD
audecInput(128)
audecDecode()
  DecodeData()
...ONHOLD
audecInput(128)
audecDecode()
  DecodeData()
...ONHOLD
audecInput(128)
audecDecode()
  DecodeData()
...ONHOLD
audecInput(128)
audecDecode()
  DecodeData()
...ONHOLD
audecInput(128)
audecDecode()
  DecodeData()
...ONHOLD
audecInput(128)
audecDecode()
  DecodeData()
...ONHOLD
audecInput(128)
audecDecode()
  DecodeData()
...2560 samples ready
audecGetPCM(2048)
...2048 @ 112750
audecGetPCM(2048)
...512 @ 113262
audecDecode()
  DecodeData()
...ONHOLD
audecInput(4)
audecDecode()
  DecodeData()
...ONHOLD
audecInput(128) 2614
audecDecode()
  DecodeData()
...ONHOLD
audecInput(128)
audecDecode()
  DecodeData()
...ONHOLD
audecInput(128)
audecDecode()
  DecodeData()
...ONHOLD
audecInput(128)
audecDecode()
  DecodeData()
audecDecode()
  DecodeData()
audecDecode()
  DecodeData()
...ONHOLD
audecInput(128)
audecDecode()
  DecodeData()
audecDecode()
  DecodeData()
audecDecode()
  DecodeData()
...ONHOLD
audecInput(128)
audecDecode()
  DecodeData()
audecDecode()
  DecodeData()
...ONHOLD
audecInput(128)
audecDecode()
  DecodeData()
...ONHOLD
audecInput(128)
audecDecode()
  DecodeData()
...2304 samples ready
...NO_MORE_FRAME
audecGetPCM(2048)
...2048 @ 115310
audecGetPCM(2048)
...256 @ 115566
audecDecode()
  DecodeInfo()
  DecodeData()
...ONHOLD
audecInput(128)
audecDecode()
  DecodeData()
...ONHOLD
audecInput(128)
audecDecode()
  DecodeData()
...ONHOLD
audecInput(128)
audecDecode()
  DecodeData()
...ONHOLD
audecInput(128)
audecDecode()
  DecodeData()
...ONHOLD
audecInput(128)
audecDecode()
  DecodeData()
...ONHOLD
audecInput(128)
audecDecode()
  DecodeData()
...ONHOLD
audecInput(128)
audecDecode()
  DecodeData()
...ONHOLD
audecInput(128)
audecDecode()
  DecodeData()
...1280 samples ready
audecGetPCM(2048)
...1280 @ 116557
audecDecode()
  DecodeData()
...ONHOLD
audecInput(128)
audecDecode()
  DecodeData()
...ONHOLD
audecInput(128)
audecDecode()
  DecodeData()
...ONHOLD
audecInput(128)
audecDecode()
  DecodeData()
...ONHOLD
audecInput(128)
audecDecode()
  DecodeData()
...ONHOLD
audecInput(128)
audecDecode()
  DecodeData()
...ONHOLD
audecInput(128)
audecDecode()
  DecodeData()
...ONHOLD
audecInput(128)
audecDecode()
  DecodeData()
...2048 samples ready
audecGetPCM(2048)
...2048 @ 118605
audecDecode()
  DecodeData()
...ONHOLD
audecInput(128)
audecDecode()
  DecodeData()
...ONHOLD
audecInput(128)
audecDecode()
  DecodeData()
...ONHOLD
audecInput(128)
audecDecode()
  DecodeData()
...ONHOLD
audecInput(128)
audecDecode()
  DecodeData()
...ONHOLD
audecInput(128)
audecDecode()
  DecodeData()
...ONHOLD
audecInput(128)
audecDecode()
  DecodeData()
...ONHOLD
audecInput(4)
audecDecode()
  DecodeData()
...ONHOLD
audecInput(128) 2800
audecDecode()
  DecodeData()
...ONHOLD
audecInput(128)
audecDecode()
  DecodeData()
...2048 samples ready
...NO_MORE_FRAME
audecGetPCM(2048)
...2048 @ 120653
audecDecode()
  DecodeInfo()
  DecodeData()
...NO_MORE_FRAME
audecDecode()
  DecodeInfo()
...ONHOLD
audecInput(128)
audecDecode()
  DecodeInfo()
...ONHOLD
audecInput(128)
audecDecode()
  DecodeInfo()
...ONHOLD
audecInput(128)
audecDecode()
  DecodeInfo()
...ONHOLD
audecInput(128)
audecDecode()
  DecodeInfo()
...ONHOLD
audecInput(128)
audecDecode()
  DecodeInfo()
...ONHOLD
audecInput(128)
audecDecode()
  DecodeInfo()
...ONHOLD
audecInput(128)
audecDecode()
  DecodeInfo()
...ONHOLD
audecInput(128)
audecDecode()
  DecodeInfo()
...ONHOLD
audecInput(128)
audecDecode()
  DecodeInfo()
...ONHOLD
audecInput(128)
audecDecode()
  DecodeInfo()
...ONHOLD
audecInput(128)
audecDecode()
  DecodeInfo()
...ONHOLD
audecInput(128)
audecDecode()
  DecodeInfo()
...ONHOLD
audecInput(128)
audecDecode()
  DecodeInfo()
...ONHOLD
audecInput(128)
audecDecode()
  DecodeInfo()
...ONHOLD
audecInput(128)
audecDecode()
  DecodeInfo()
...ONHOLD
audecInput(128)
audecDecode()
  DecodeInfo()
...ONHOLD
audecInput(128)
audecDecode()
  DecodeInfo()
...ONHOLD
audecInput(128)
audecDecode()
  DecodeInfo()
...ONHOLD
audecInput(128)
audecDecode()
  DecodeInfo()
...ONHOLD
audecInput(128)
audecDecode()
  DecodeInfo()
...ONHOLD
audecInput(128)
audecDecode()
  DecodeInfo()
...ONHOLD
audecInput(128)
audecDecode()
  DecodeInfo()
...ONHOLD
audecInput(128)
audecDecode()
  DecodeInfo()
...ONHOLD
audecInput(128)
audecDecode()
  DecodeInfo()
...ONHOLD
audecInput(128)
audecDecode()
  DecodeInfo()
...ONHOLD
audecInput(128)
audecDecode()
  DecodeInfo()
...ONHOLD
audecInput(128)
audecDecode()
  DecodeInfo()
...ONHOLD
audecInput(4)
audecDecode()
  DecodeInfo()
...ONHOLD
audecInput(128) 3000
audecDecode()
  DecodeInfo()
  DecodeData()
...ONHOLD
audecInput(128)
audecDecode()
  DecodeData()
...ONHOLD
audecInput(128)
audecDecode()
  DecodeData()
...ONHOLD
audecInput(128)
audecDecode()
  DecodeData()
...ONHOLD
audecInput(128)
audecDecode()
  DecodeData()
...ONHOLD
audecInput(128)
audecDecode()
  DecodeData()
...3008 samples ready
audecGetPCM(2048)
...2048 @ 134348
audecGetPCM(2048)
...960 @ 135308
audecDecode()
  DecodeData()
...ONHOLD
audecInput(128)
audecDecode()
  DecodeData()
audecDecode()
  DecodeData()
audecDecode()
  DecodeData()
...ONHOLD
audecInput(128)
audecDecode()
  DecodeData()
audecDecode()
  DecodeData()
...ONHOLD
audecInput(128)
audecDecode()
  DecodeData()
audecDecode()
  DecodeData()
...ONHOLD
audecInput(128)
audecDecode()
  DecodeData()
audecDecode()
  DecodeData()
...ONHOLD
audecInput(128)
audecDecode()
  DecodeData()
...ONHOLD
audecInput(128)
audecDecode()
  DecodeData()
...ONHOLD
audecInput(128)
audecDecode()
  DecodeData()
...ONHOLD
audecInput(128)
audecDecode()
  DecodeData()
...1600 samples ready
audecGetPCM(2048)
...1600 @ 136908
audecDecode()
  DecodeData()
...ONHOLD
audecInput(128)
audecDecode()
  DecodeData()
...ONHOLD
audecInput(128)
audecDecode()
  DecodeData()
...ONHOLD
audecInput(128)
audecDecode()
  DecodeData()
...ONHOLD
audecInput(128)
audecDecode()
  DecodeData()
...ONHOLD
audecInput(128)
audecDecode()
  DecodeData()
...ONHOLD
audecInput(128)
audecDecode()
  DecodeData()
...1536 samples ready
audecGetPCM(2048)
...1536 @ 138444
audecDecode()
  DecodeData()
...ONHOLD
audecInput(128)
audecDecode()
  DecodeData()
...ONHOLD
audecInput(128)
audecDecode()
  DecodeData()
...ONHOLD
audecInput(128)
audecDecode()
  DecodeData()
...ONHOLD
audecInput(128)
audecDecode()
  DecodeData()
...ONHOLD
audecInput(128)
audecDecode()
  DecodeData()
...2048 samples ready
audecGetPCM(2048)
...2048 @ 140492
audecDecode()
  DecodeData()
...ONHOLD
audecInput(128)
audecDecode()
  DecodeData()
...ONHOLD
audecInput(128)
audecDecode()
  DecodeData()
...ONHOLD
audecInput(128)
audecDecode()
  DecodeData()
...ONHOLD
audecInput(128)
audecDecode()
  DecodeData()
...ONHOLD
audecInput(4)
audecDecode()
  DecodeData()
...ONHOLD
audecInput(128) 3186
audecDecode()
  DecodeData()
...ONHOLD
audecInput(128)
audecDecode()
  DecodeData()
...2048 samples ready
...NO_MORE_FRAME
audecGetPCM(2048)
...2048 @ 142540
audecDecode()
  DecodeInfo()
  DecodeData()
...ONHOLD
audecInput(128)
audecDecode()
  DecodeData()
...ONHOLD
audecInput(128)
audecDecode()
  DecodeData()
...ONHOLD
audecInput(128)
audecDecode()
  DecodeData()
...ONHOLD
audecInput(128)
audecDecode()
  DecodeData()
...ONHOLD
audecInput(128)
audecDecode()
  DecodeData()
...ONHOLD
audecInput(128)
audecDecode()
  DecodeData()
...2048 samples ready
audecGetPCM(2048)
...2048 @ 142550
audecDecode()
  DecodeData()
...ONHOLD
audecInput(128)
audecDecode()
  DecodeData()
...ONHOLD
audecInput(128)
audecDecode()
  DecodeData()
...ONHOLD
audecInput(128)
audecDecode()
  DecodeData()
...ONHOLD
audecInput(128)
audecDecode()
  DecodeData()
...ONHOLD
audecInput(128)
audecDecode()
  DecodeData()
...2048 samples ready
audecGetPCM(2048)
...2048 @ 144598
audecDecode()
  DecodeData()
...ONHOLD
audecInput(128)
audecDecode()
  DecodeData()
...ONHOLD
audecInput(128)
audecDecode()
  DecodeData()
...ONHOLD
audecInput(128)
audecDecode()
  DecodeData()
...ONHOLD
audecInput(128)
audecDecode()
  DecodeData()
...ONHOLD
audecInput(128)
audecDecode()
  DecodeData()
...ONHOLD
audecInput(128)
audecDecode()
  DecodeData()
...2048 samples ready
audecGetPCM(2048)
...2048 @ 146646
audecDecode()
  DecodeData()
...ONHOLD
audecInput(128)
audecDecode()
  DecodeData()
...ONHOLD
audecInput(128)
audecDecode()
  DecodeData()
...ONHOLD
audecInput(128)
audecDecode()
  DecodeData()
...ONHOLD
audecInput(128)
audecDecode()
  DecodeData()
...ONHOLD
audecInput(128)
audecDecode()
  DecodeData()
...2048 samples ready
audecGetPCM(2048)
...2048 @ 148694
audecDecode()
  DecodeData()
...ONHOLD
audecInput(128)
audecDecode()
  DecodeData()
...ONHOLD
audecInput(128)
audecDecode()
  DecodeData()
...ONHOLD
audecInput(128)
audecDecode()
  DecodeData()
...ONHOLD
audecInput(128)
audecDecode()
  DecodeData()
...ONHOLD
audecInput(128)
audecDecode()
  DecodeData()
...ONHOLD
audecInput(4)
audecDecode()
  DecodeData()
...ONHOLD
audecInput(128) 3371
audecDecode()
  DecodeData()
...2048 samples ready
...NO_MORE_FRAME
audecGetPCM(2048)
...2048 @ 150742
audecDecode()
  DecodeInfo()
  DecodeData()
...ONHOLD
audecInput(128)
audecDecode()
  DecodeData()
...ONHOLD
audecInput(128)
audecDecode()
  DecodeData()
...ONHOLD
audecInput(128)
audecDecode()
  DecodeData()
...ONHOLD
audecInput(128)
audecDecode()
  DecodeData()
...ONHOLD
audecInput(128)
audecDecode()
  DecodeData()
...ONHOLD
audecInput(128)
audecDecode()
  DecodeData()
...2048 samples ready
audecGetPCM(2048)
...2048 @ 150709
audecDecode()
  DecodeData()
...ONHOLD
audecInput(128)
audecDecode()
  DecodeData()
...ONHOLD
audecInput(128)
audecDecode()
  DecodeData()
...ONHOLD
audecInput(128)
audecDecode()
  DecodeData()
...ONHOLD
audecInput(128)
audecDecode()
  DecodeData()
...ONHOLD
audecInput(128)
audecDecode()
  DecodeData()
...2048 samples ready
audecGetPCM(2048)
...2048 @ 152757
audecDecode()
  DecodeData()
...ONHOLD
audecInput(128)
audecDecode()
  DecodeData()
...ONHOLD
audecInput(128)
audecDecode()
  DecodeData()
...ONHOLD
audecInput(128)
audecDecode()
  DecodeData()
...ONHOLD
audecInput(128)
audecDecode()
  DecodeData()
...ONHOLD
audecInput(128)
audecDecode()
  DecodeData()
...ONHOLD
audecInput(128)
audecDecode()
  DecodeData()
...2048 samples ready
audecGetPCM(2048)
...2048 @ 154805
audecDecode()
  DecodeData()
...ONHOLD
audecInput(128)
audecDecode()
  DecodeData()
...ONHOLD
audecInput(128)
audecDecode()
  DecodeData()
...ONHOLD
audecInput(128)
audecDecode()
  DecodeData()
...ONHOLD
audecInput(128)
audecDecode()
  DecodeData()
...ONHOLD
audecInput(128)
audecDecode()
  DecodeData()
...2048 samples ready
audecGetPCM(2048)
...2048 @ 156853
audecDecode()
  DecodeData()
...ONHOLD
audecInput(128)
audecDecode()
  DecodeData()
...ONHOLD
audecInput(128)
audecDecode()
  DecodeData()
...ONHOLD
audecInput(128)
audecDecode()
  DecodeData()
...ONHOLD
audecInput(128)
audecDecode()
  DecodeData()
...ONHOLD
audecInput(128)
audecDecode()
  DecodeData()
...ONHOLD
audecInput(128)
audecDecode()
  DecodeData()
...2048 samples ready
audecGetPCM(2048)
...2048 @ 158901
audecDecode()
  DecodeData()
...ONHOLD
audecInput(4)
audecDecode()
  DecodeData()
...ONHOLD
audecInput(128) 3557
audecDecode()
  DecodeData()
...ONHOLD
audecInput(128)
audecDecode()
  DecodeData()
...ONHOLD
audecInput(128)
audecDecode()
  DecodeData()
...ONHOLD
audecInput(128)
audecDecode()
  DecodeData()
...ONHOLD
audecInput(128)
audecDecode()
  DecodeData()
...2048 samples ready
...NO_MORE_FRAME
audecGetPCM(2048)
...2048 @ 160949
audecDecode()
  DecodeInfo()
  DecodeData()
...ONHOLD
audecInput(128)
audecDecode()
  DecodeData()
...ONHOLD
audecInput(128)
audecDecode()
  DecodeData()
...ONHOLD
audecInput(128)
audecDecode()
  DecodeData()
...ONHOLD
audecInput(128)
audecDecode()
  DecodeData()
...ONHOLD
audecInput(128)
audecDecode()
  DecodeData()
...ONHOLD
audecInput(128)
audecDecode()
  DecodeData()
...2944 samples ready
audecGetPCM(2048)
...2048 @ 158911
audecGetPCM(2048)
...896 @ 159807
audecDecode()
  DecodeData()
...ONHOLD
audecInput(128)
audecDecode()
  DecodeData()
audecDecode()
  DecodeData()
...ONHOLD
audecInput(128)
audecDecode()
  DecodeData()
audecDecode()
  DecodeData()
audecDecode()
  DecodeData()
...ONHOLD
audecInput(128)
audecDecode()
  DecodeData()
audecDecode()
  DecodeData()
audecDecode()
  DecodeData()
...ONHOLD
audecInput(128)
audecDecode()
  DecodeData()
audecDecode()
  DecodeData()
...ONHOLD
audecInput(128)
audecDecode()
  DecodeData()
...ONHOLD
audecInput(128)
audecDecode()
  DecodeData()
...ONHOLD
audecInput(128)
audecDecode()
  DecodeData()
...ONHOLD
audecInput(128)
audecDecode()
  DecodeData()
...1664 samples ready
audecGetPCM(2048)
...1664 @ 161471
audecDecode()
  DecodeData()
...ONHOLD
audecInput(128)
audecDecode()
  DecodeData()
...ONHOLD
audecInput(128)
audecDecode()
  DecodeData()
...ONHOLD
audecInput(128)
audecDecode()
  DecodeData()
...ONHOLD
audecInput(128)
audecDecode()
  DecodeData()
...ONHOLD
audecInput(128)
audecDecode()
  DecodeData()
...ONHOLD
audecInput(128)
audecDecode()
  DecodeData()
...1536 samples ready
audecGetPCM(2048)
...1536 @ 163007
audecDecode()
  DecodeData()
...ONHOLD
audecInput(128)
audecDecode()
  DecodeData()
...ONHOLD
audecInput(128)
audecDecode()
  DecodeData()
...ONHOLD
audecInput(128)
audecDecode()
  DecodeData()
...ONHOLD
audecInput(128)
audecDecode()
  DecodeData()
...ONHOLD
audecInput(4)
audecDecode()
  DecodeData()
...ONHOLD
audecInput(128) 3743
audecDecode()
  DecodeData()
...ONHOLD
audecInput(128)
audecDecode()
  DecodeData()
...2048 samples ready
...NO_MORE_FRAME
audecGetPCM(2048)
...2048 @ 165055
audecDecode()
  DecodeInfo()
  DecodeData()
...ONHOLD
audecInput(128)
audecDecode()
  DecodeData()
...ONHOLD
audecInput(128)
audecDecode()
  DecodeData()
...ONHOLD
audecInput(128)
audecDecode()
  DecodeData()
...ONHOLD
audecInput(128)
audecDecode()
  DecodeData()
...ONHOLD
audecInput(128)
audecDecode()
  DecodeData()
...ONHOLD
audecInput(128)
audecDecode()
  DecodeData()
...2048 samples ready
audecGetPCM(2048)
...2048 @ 167114
audecDecode()
  DecodeData()
...ONHOLD
audecInput(128)
audecDecode()
  DecodeData()
...ONHOLD
audecInput(128)
audecDecode()
  DecodeData()
...ONHOLD
audecInput(128)
audecDecode()
  DecodeData()
...ONHOLD
audecInput(128)
audecDecode()
  DecodeData()
...ONHOLD
audecInput(128)
audecDecode()
  DecodeData()
...ONHOLD
audecInput(128)
audecDecode()
  DecodeData()
...2048 samples ready
audecGetPCM(2048)
...2048 @ 169162
audecDecode()
  DecodeData()
...ONHOLD
audecInput(128)
audecDecode()
  DecodeData()
...ONHOLD
audecInput(128)
audecDecode()
  DecodeData()
...ONHOLD
audecInput(128)
audecDecode()
  DecodeData()
...ONHOLD
audecInput(128)
audecDecode()
  DecodeData()
...ONHOLD
audecInput(128)
audecDecode()
  DecodeData()
...ONHOLD
audecInput(128)
audecDecode()
  DecodeData()
...2048 samples ready
audecGetPCM(2048)
...2048 @ 171210
audecDecode()
  DecodeData()
...ONHOLD
audecInput(128)
audecDecode()
  DecodeData()
...ONHOLD
audecInput(128)
audecDecode()
  DecodeData()
...ONHOLD
audecInput(128)
audecDecode()
  DecodeData()
...ONHOLD
audecInput(128)
audecDecode()
  DecodeData()
...ONHOLD
audecInput(128)
audecDecode()
  DecodeData()
...ONHOLD
audecInput(128)
audecDecode()
  DecodeData()
...2048 samples ready
audecGetPCM(2048)
...2048 @ 173258
audecDecode()
  DecodeData()
...ONHOLD
audecInput(128)
audecDecode()
  DecodeData()
...ONHOLD
audecInput(128)
audecDecode()
  DecodeData()
...ONHOLD
audecInput(128)
audecDecode()
  DecodeData()
...ONHOLD
audecInput(4)
audecDecode()
  DecodeData()
...ONHOLD
audecInput(128) 3929
audecDecode()
  DecodeData()
...ONHOLD
audecInput(128)
audecDecode()
  DecodeData()
...ONHOLD
audecInput(128)
audecDecode()
  DecodeData()
...ONHOLD
audecInput(128)
audecDecode()
  DecodeData()
...2048 samples ready
...NO_MORE_FRAME
audecGetPCM(2048)
...2048 @ 175306
audecDecode()
  DecodeInfo()
  DecodeData()
...ONHOLD
audecInput(128)
audecDecode()
  DecodeData()
...ONHOLD
audecInput(128)
audecDecode()
  DecodeData()
...ONHOLD
audecInput(128)
audecDecode()
  DecodeData()
...ONHOLD
audecInput(128)
audecDecode()
  DecodeData()
...ONHOLD
audecInput(128)
audecDecode()
  DecodeData()
...ONHOLD
audecInput(128)
audecDecode()
  DecodeData()
...2048 samples ready
audecGetPCM(2048)
...2048 @ 175316
audecDecode()
  DecodeData()
...ONHOLD
audecInput(128)
audecDecode()
  DecodeData()
...ONHOLD
audecInput(128)
audecDecode()
  DecodeData()
...ONHOLD
audecInput(128)
audecDecode()
  DecodeData()
...ONHOLD
audecInput(128)
audecDecode()
  DecodeData()
...ONHOLD
audecInput(128)
audecDecode()
  DecodeData()
...ONHOLD
audecInput(128)
audecDecode()
  DecodeData()
...2048 samples ready
audecGetPCM(2048)
...2048 @ 177364
audecDecode()
  DecodeData()
...ONHOLD
audecInput(128)
audecDecode()
  DecodeData()
...ONHOLD
audecInput(128)
audecDecode()
  DecodeData()
...ONHOLD
audecInput(128)
audecDecode()
  DecodeData()
...ONHOLD
audecInput(128)
audecDecode()
  DecodeData()
...ONHOLD
audecInput(128)
audecDecode()
  DecodeData()
...ONHOLD
audecInput(128)
audecDecode()
  DecodeData()
...3008 samples ready
audecGetPCM(2048)
...2048 @ 179412
audecGetPCM(2048)
...960 @ 180372
audecDecode()
  DecodeData()
...ONHOLD
audecInput(128)
audecDecode()
  DecodeData()
audecDecode()
  DecodeData()
...ONHOLD
audecInput(128)
audecDecode()
  DecodeData()
audecDecode()
  DecodeData()
...ONHOLD
audecInput(128)
audecDecode()
  DecodeData()
audecDecode()
  DecodeData()
...ONHOLD
audecInput(128)
audecDecode()
  DecodeData()
...ONHOLD
audecInput(128)
audecDecode()
  DecodeData()
audecDecode()
  DecodeData()
...ONHOLD
audecInput(128)
audecDecode()
  DecodeData()
...ONHOLD
audecInput(128)
audecDecode()
  DecodeData()
...ONHOLD
audecInput(4)
audecDecode()
  DecodeData()
...ONHOLD
audecInput(128) 4114
audecDecode()
  DecodeData()
...1984 samples ready
...NO_MORE_FRAME
audecGetPCM(2048)
...1984 @ 182356
audecDecode()
  DecodeInfo()
  DecodeData()
...ONHOLD
audecInput(128)
audecDecode()
  DecodeData()
audecDecode()
  DecodeData()
...ONHOLD
audecInput(128)
audecDecode()
  DecodeData()
audecDecode()
  DecodeData()
audecDecode()
  DecodeData()
...ONHOLD
audecInput(128)
audecDecode()
  DecodeData()
audecDecode()
  DecodeData()
audecDecode()
  DecodeData()
...ONHOLD
audecInput(128)
audecDecode()
  DecodeData()
audecDecode()
  DecodeData()
...ONHOLD
audecInput(128)
audecDecode()
  DecodeData()
...ONHOLD
audecInput(128)
audecDecode()
  DecodeData()
...ONHOLD
audecInput(128)
audecDecode()
  DecodeData()
...ONHOLD
audecInput(128)
audecDecode()
  DecodeData()
...2048 samples ready
audecGetPCM(2048)
...2048 @ 183475
audecDecode()
  DecodeData()
...ONHOLD
audecInput(128)
audecDecode()
  DecodeData()
audecDecode()
  DecodeData()
...ONHOLD
audecInput(128)
audecDecode()
  DecodeData()
audecDecode()
  DecodeData()
audecDecode()
  DecodeData()
...ONHOLD
audecInput(128)
audecDecode()
  DecodeData()
audecDecode()
  DecodeData()
...ONHOLD
audecInput(128)
audecDecode()
  DecodeData()
audecDecode()
  DecodeData()
audecDecode()
  DecodeData()
...ONHOLD
audecInput(128)
audecDecode()
  DecodeData()
...ONHOLD
audecInput(128)
audecDecode()
  DecodeData()
...ONHOLD
audecInput(128)
audecDecode()
  DecodeData()
...ONHOLD
audecInput(128)
audecDecode()
  DecodeData()
...2112 samples ready
audecGetPCM(2048)
...2048 @ 185523
audecGetPCM(2048)
...64 @ 185587
audecDecode()
  DecodeData()
...ONHOLD
audecInput(128)
audecDecode()
  DecodeData()
audecDecode()
  DecodeData()
audecDecode()
  DecodeData()
...ONHOLD
audecInput(128)
audecDecode()
  DecodeData()
audecDecode()
  DecodeData()
...ONHOLD
audecInput(128)
audecDecode()
  DecodeData()
audecDecode()
  DecodeData()
...ONHOLD
audecInput(128)
audecDecode()
  DecodeData()
audecDecode()
  DecodeData()
...ONHOLD
audecInput(128)
audecDecode()
  DecodeData()
...ONHOLD
audecInput(128)
audecDecode()
  DecodeData()
...ONHOLD
audecInput(128)
audecDecode()
  DecodeData()
...ONHOLD
audecInput(128)
audecDecode()
  DecodeData()
...1600 samples ready
...NO_MORE_FRAME
audecGetPCM(2048)
...1600 @ 187187
audecDecode()
  DecodeInfo()
...ONHOLD
audecInput(128)
audecDecode()
  DecodeInfo()
...ONHOLD
audecInput(128)
audecDecode()
  DecodeInfo()
...ONHOLD
audecInput(128)
audecDecode()
  DecodeInfo()
...ONHOLD
audecInput(128)
audecDecode()
  DecodeInfo()
...ONHOLD
audecInput(4)
audecDecode()
  DecodeInfo()
...ONHOLD
audecInput(128) 4300
audecDecode()
  DecodeInfo()
  DecodeData()
...NO_MORE_FRAME
audecDecode()
  DecodeInfo()
...ONHOLD
audecInput(128)
audecDecode()
  DecodeInfo()
...ONHOLD
audecInput(128)
audecDecode()
  DecodeInfo()
...ONHOLD
audecInput(128)
audecDecode()
  DecodeInfo()
...ONHOLD
audecInput(128)
audecDecode()
  DecodeInfo()
...ONHOLD
audecInput(128)
audecDecode()
  DecodeInfo()
...ONHOLD
audecInput(128)
audecDecode()
  DecodeInfo()
...ONHOLD
audecInput(128)
audecDecode()
  DecodeInfo()
...ONHOLD
audecInput(128)
audecDecode()
  DecodeInfo()
...ONHOLD
audecInput(128)
audecDecode()
  DecodeInfo()
...ONHOLD
audecInput(128)
audecDecode()
  DecodeInfo()
...ONHOLD
audecInput(128)
audecDecode()
  DecodeInfo()
...ONHOLD
audecInput(128)
audecDecode()
  DecodeInfo()
...ONHOLD
audecInput(128)
audecDecode()
  DecodeInfo()
...ONHOLD
audecInput(128)
audecDecode()
  DecodeInfo()
...ONHOLD
audecInput(128)
audecDecode()
  DecodeInfo()
...ONHOLD
audecInput(128)
audecDecode()
  DecodeInfo()
...ONHOLD
audecInput(128)
audecDecode()
  DecodeInfo()
...ONHOLD
audecInput(128)
audecDecode()
  DecodeInfo()
...ONHOLD
audecInput(128)
audecDecode()
  DecodeInfo()
...ONHOLD
audecInput(128)
audecDecode()
  DecodeInfo()
...ONHOLD
audecInput(128)
audecDecode()
  DecodeInfo()
...ONHOLD
audecInput(128)
audecDecode()
  DecodeInfo()
...ONHOLD
audecInput(128)
audecDecode()
  DecodeInfo()
...ONHOLD
audecInput(128)
audecDecode()
  DecodeInfo()
...ONHOLD
audecInput(128)
audecDecode()
  DecodeInfo()
...ONHOLD
audecInput(128)
audecDecode()
  DecodeInfo()
...ONHOLD
audecInput(128)
audecDecode()
  DecodeInfo()
...ONHOLD
audecInput(128)
audecDecode()
  DecodeInfo()
...ONHOLD
audecInput(4)
audecDecode()
  DecodeInfo()
...ONHOLD
audecInput(128) 4450
audecDecode()
  DecodeInfo()
  DecodeData()
...ONHOLD
audecInput(128)
audecDecode()
  DecodeData()
...ONHOLD
audecInput(128)
audecDecode()
  DecodeData()
...ONHOLD
audecInput(128)
audecDecode()
  DecodeData()
...ONHOLD
audecInput(128)
audecDecode()
  DecodeData()
...ONHOLD
audecInput(128)
audecDecode()
  DecodeData()
...ONHOLD
audecInput(128)
audecDecode()
  DecodeData()
...2048 samples ready
audecGetPCM(2048)
...2048 @ 198293
audecDecode()
  DecodeData()
...ONHOLD
audecInput(128)
audecDecode()
  DecodeData()
...ONHOLD
audecInput(128)
audecDecode()
  DecodeData()
...ONHOLD
audecInput(128)
audecDecode()
  DecodeData()
audecDecode()
  DecodeData()
...ONHOLD
audecInput(128)
audecDecode()
  DecodeData()
audecDecode()
  DecodeData()
...ONHOLD
audecInput(128)
audecDecode()
  DecodeData()
audecDecode()
  DecodeData()
audecDecode()
  DecodeData()
...ONHOLD
audecInput(128)
audecDecode()
  DecodeData()
...ONHOLD
audecInput(128)
audecDecode()
  DecodeData()
...ONHOLD
audecInput(128)
audecDecode()
  DecodeData()
...2304 samples ready
audecGetPCM(2048)
...2048 @ 200341
audecGetPCM(2048)
...256 @ 200597
audecDecode()
  DecodeData()
...ONHOLD
audecInput(128)
audecDecode()
  DecodeData()
...ONHOLD
audecInput(128)
audecDecode()
  DecodeData()
...ONHOLD
audecInput(128)
audecDecode()
  DecodeData()
...ONHOLD
audecInput(128)
audecDecode()
  DecodeData()
...ONHOLD
audecInput(128)
audecDecode()
  DecodeData()
...ONHOLD
audecInput(128)
audecDecode()
  DecodeData()
...1280 samples ready
audecGetPCM(2048)
...1280 @ 201877
audecDecode()
  DecodeData()
...ONHOLD
audecInput(128)
audecDecode()
  DecodeData()
...ONHOLD
audecInput(128)
audecDecode()
  DecodeData()
...ONHOLD
audecInput(128)
audecDecode()
  DecodeData()
...ONHOLD
audecInput(128)
audecDecode()
  DecodeData()
...ONHOLD
audecInput(128)
audecDecode()
  DecodeData()
...ONHOLD
audecInput(128)
audecDecode()
  DecodeData()
...2048 samples ready
audecGetPCM(2048)
...2048 @ 203925
audecDecode()
  DecodeData()
...ONHOLD
audecInput(128)
audecDecode()
  DecodeData()
...ONHOLD
audecInput(128)
audecDecode()
  DecodeData()
...ONHOLD
audecInput(4)
audecDecode()
  DecodeData()
...ONHOLD
audecInput(128) 4636
audecDecode()
  DecodeData()
...ONHOLD
audecInput(128)
audecDecode()
  DecodeData()
...ONHOLD
audecInput(128)
audecDecode()
  DecodeData()
...ONHOLD
audecInput(128)
audecDecode()
  DecodeData()
...2048 samples ready
...NO_MORE_FRAME
audecGetPCM(2048)
...2048 @ 205973
audecDecode()
  DecodeInfo()
  DecodeData()
...ONHOLD
audecInput(128)
audecDecode()
  DecodeData()
...ONHOLD
audecInput(128)
audecDecode()
  DecodeData()
...ONHOLD
audecInput(128)
audecDecode()
  DecodeData()
...ONHOLD
audecInput(128)
audecDecode()
  DecodeData()
...ONHOLD
audecInput(128)
audecDecode()
  DecodeData()
...ONHOLD
audecInput(128)
audecDecode()
  DecodeData()
...2560 samples ready
audecGetPCM(2048)
...2048 @ 206495
audecGetPCM(2048)
...512 @ 207007
audecDecode()
  DecodeData()
...ONHOLD
audecInput(128)
audecDecode()
  DecodeData()
...ONHOLD
audecInput(128)
audecDecode()
  DecodeData()
...ONHOLD
audecInput(128)
audecDecode()
  DecodeData()
audecDecode()
  DecodeData()
...ONHOLD
audecInput(128)
audecDecode()
  DecodeData()
...ONHOLD
audecInput(128)
audecDecode()
  DecodeData()
audecDecode()
  DecodeData()
...ONHOLD
audecInput(128)
audecDecode()
  DecodeData()
audecDecode()
  DecodeData()
...ONHOLD
audecInput(128)
audecDecode()
  DecodeData()
audecDecode()
  DecodeData()
...ONHOLD
audecInput(128)
audecDecode()
  DecodeData()
...2432 samples ready
audecGetPCM(2048)
...2048 @ 209055
audecGetPCM(2048)
...384 @ 209439
audecDecode()
  DecodeData()
...ONHOLD
audecInput(128)
audecDecode()
  DecodeData()
...ONHOLD
audecInput(128)
audecDecode()
  DecodeData()
...ONHOLD
audecInput(128)
audecDecode()
  DecodeData()
...ONHOLD
audecInput(128)
audecDecode()
  DecodeData()
...ONHOLD
audecInput(128)
audecDecode()
  DecodeData()
...ONHOLD
audecInput(128)
audecDecode()
  DecodeData()
...1152 samples ready
audecGetPCM(2048)
...1152 @ 210591
audecDecode()
  DecodeData()
...ONHOLD
audecInput(128)
audecDecode()
  DecodeData()
...ONHOLD
audecInput(128)
audecDecode()
  DecodeData()
...ONHOLD
audecInput(128)
audecDecode()
  DecodeData()
...ONHOLD
audecInput(128)
audecDecode()
  DecodeData()
...ONHOLD
audecInput(128)
audecDecode()
  DecodeData()
...ONHOLD
audecInput(4)
audecDecode()
  DecodeData()
...ONHOLD
audecInput(128) 4821
audecDecode()
  DecodeData()
...2048 samples ready
...NO_MORE_FRAME
audecGetPCM(2048)
...2048 @ 212639
audecDecode()
  DecodeInfo()
  DecodeData()
...ONHOLD
audecInput(128)
audecDecode()
  DecodeData()
...ONHOLD
audecInput(128)
audecDecode()
  DecodeData()
...ONHOLD
audecInput(128)
audecDecode()
  DecodeData()
...ONHOLD
audecInput(128)
audecDecode()
  DecodeData()
...ONHOLD
audecInput(128)
audecDecode()
  DecodeData()
...ONHOLD
audecInput(128)
audecDecode()
  DecodeData()
...ONHOLD
audecInput(128)
audecDecode()
  DecodeData()
...2048 samples ready
audecGetPCM(2048)
...2048 @ 214654
audecDecode()
  DecodeData()
...ONHOLD
audecInput(128)
audecDecode()
  DecodeData()
...ONHOLD
audecInput(128)
audecDecode()
  DecodeData()
...ONHOLD
audecInput(128)
audecDecode()
  DecodeData()
...ONHOLD
audecInput(128)
audecDecode()
  DecodeData()
...ONHOLD
audecInput(128)
audecDecode()
  DecodeData()
...ONHOLD
audecInput(128)
audecDecode()
  DecodeData()
...2048 samples ready
audecGetPCM(2048)
...2048 @ 216702
audecDecode()
  DecodeData()
...ONHOLD
audecInput(128)
audecDecode()
  DecodeData()
...ONHOLD
audecInput(128)
audecDecode()
  DecodeData()
