audecInit(0x0161, 2, 44100, 16002, 5945, 16, 00000003, 000F, 44100, 16, 2)
audecInput(128) 0
audecDecode()
  DecodeInfo()
  DecodeData()
audecDecode()
  DecodeData()
...ONHOLD
audecInput(128)
audecDecode()
  DecodeData()
...ONHOLD
audecInput(128)
audecDecode()
  DecodeData()
audecDecode()
  DecodeData()
...ONHOLD
audecInput(128)
audecDecode()
  DecodeData()
...ONHOLD
audecInput(128)
audecDecode()
  DecodeData()
...2048 samples ready
audecGetPCM(1024)
...1024 @ 1024
audecGetPCM(1024)
...1024 @ 2048
audecDecode()
  DecodeData()
...ONHOLD
audecInput(128)
audecDecode()
  DecodeData()
...ONHOLD
audecInput(128)
audecDecode()
  DecodeData()
...2048 samples ready
audecGetPCM(1024)
...1024 @ 3072
audecGetPCM(1024)
...1024 @ 4096
audecDecode()
  DecodeData()
...ONHOLD
audecInput(128)
audecDecode()
  DecodeData()
...ONHOLD
audecInput(128)
audecDecode()
  DecodeData()
...ONHOLD
audecInput(128)
audecDecode()
  DecodeData()
...2816 samples ready
audecGetPCM(1024)
...1024 @ 5120
audecGetPCM(1024)
...1024 @ 6144
audecGetPCM(1024)
...768 @ 6912
audecDecode()
  DecodeData()
...ONHOLD
audecInput(128)
audecDecode()
  DecodeData()
audecDecode()
  DecodeData()
audecDecode()
  DecodeData()
...ONHOLD
audecInput(128)
audecDecode()
  DecodeData()
audecDecode()
  DecodeData()
...ONHOLD
audecInput(128)
audecDecode()
  DecodeData()
...ONHOLD
audecInput(128)
audecDecode()
  DecodeData()
audecDecode()
  DecodeData()
...ONHOLD
audecInput(128)
audecDecode()
  DecodeData()
...ONHOLD
audecInput(128)
audecDecode()
  DecodeData()
...ONHOLD
audecInput(128)
audecDecode()
  DecodeData()
...ONHOLD
audecInput(128)
audecDecode()
  DecodeData()
...ONHOLD
audecInput(128)
audecDecode()
  DecodeData()
...ONHOLD
audecInput(128)
audecDecode()
  DecodeData()
...1792 samples ready
audecGetPCM(1024)
...1024 @ 7936
audecGetPCM(1024)
...768 @ 8704
audecDecode()
  DecodeData()
...ONHOLD
audecInput(128)
audecDecode()
  DecodeData()
...ONHOLD
audecInput(128)
audecDecode()
  DecodeData()
...ONHOLD
audecInput(128)
audecDecode()
  DecodeData()
...ONHOLD
audecInput(128)
audecDecode()
  DecodeData()
...ONHOLD
audecInput(128)
audecDecode()
  DecodeData()
audecDecode()
  DecodeData()
...ONHOLD
audecInput(128)
audecDecode()
  DecodeData()
...ONHOLD
audecInput(128)
audecDecode()
  DecodeData()
...ONHOLD
audecInput(128)
audecDecode()
  DecodeData()
...ONHOLD
audecInput(128)
audecDecode()
  DecodeData()
...ONHOLD
audecInput(128)
audecDecode()
  DecodeData()
...2048 samples ready
audecGetPCM(1024)
...1024 @ 9728
audecGetPCM(1024)
...1024 @ 10752
audecDecode()
  DecodeData()
...ONHOLD
audecInput(128)
audecDecode()
  DecodeData()
...ONHOLD
audecInput(128)
audecDecode()
  DecodeData()
...ONHOLD
audecInput(128)
audecDecode()
  DecodeData()
...ONHOLD
audecInput(128)
audecDecode()
  DecodeData()
...ONHOLD
audecInput(128)
audecDecode()
  DecodeData()
...ONHOLD
audecInput(128)
audecDecode()
  DecodeData()
...ONHOLD
audecInput(128)
audecDecode()
  DecodeData()
...ONHOLD
audecInput(128)
audecDecode()
  DecodeData()
...ONHOLD
audecInput(128)
audecDecode()
  DecodeData()
...1536 samples ready
audecGetPCM(1024)
...1024 @ 11776
audecGetPCM(1024)
...512 @ 12288
audecDecode()
  DecodeData()
...ONHOLD
audecInput(128)
audecDecode()
  DecodeData()
...ONHOLD
audecInput(128)
audecDecode()
  DecodeData()
...ONHOLD
audecInput(128)
audecDecode()
  DecodeData()
...ONHOLD
audecInput(128)
audecDecode()
  DecodeData()
...ONHOLD
audecInput(128)
audecDecode()
  DecodeData()
...ONHOLD
audecInput(128)
audecDecode()
  DecodeData()
...ONHOLD
audecInput(128)
audecDecode()
  DecodeData()
...ONHOLD
audecInput(57)
audecDecode()
  DecodeData()
...2048 samples ready
...NO_MORE_FRAME
audecGetPCM(1024)
...1024 @ 13312
audecGetPCM(1024)
...1024 @ 14336
audecDecode()
  DecodeInfo()
...ONHOLD
audecInput(128) 325
audecDecode()
  DecodeInfo()
  DecodeData()
...ONHOLD
audecInput(128)
audecDecode()
  DecodeData()
...ONHOLD
audecInput(128)
audecDecode()
  DecodeData()
...ONHOLD
audecInput(128)
audecDecode()
  DecodeData()
...ONHOLD
audecInput(128)
audecDecode()
  DecodeData()
...ONHOLD
audecInput(128)
audecDecode()
  DecodeData()
...ONHOLD
audecInput(128)
audecDecode()
  DecodeData()
...ONHOLD
audecInput(128)
audecDecode()
  DecodeData()
...ONHOLD
audecInput(128)
audecDecode()
  DecodeData()
...2048 samples ready
audecGetPCM(1024)
...1024 @ 15356
audecGetPCM(1024)
...1024 @ 16380
audecDecode()
  DecodeData()
...ONHOLD
audecInput(128)
audecDecode()
  DecodeData()
...ONHOLD
audecInput(128)
audecDecode()
  DecodeData()
...ONHOLD
audecInput(128)
audecDecode()
  DecodeData()
...ONHOLD
audecInput(128)
audecDecode()
  DecodeData()
...ONHOLD
audecInput(128)
audecDecode()
  DecodeData()
...ONHOLD
audecInput(128)
audecDecode()
  DecodeData()
...ONHOLD
audecInput(128)
audecDecode()
  DecodeData()
...2048 samples ready
audecGetPCM(1024)
...1024 @ 17404
audecGetPCM(1024)
...1024 @ 18428
audecDecode()
  DecodeData()
...ONHOLD
audecInput(128)
audecDecode()
  DecodeData()
...ONHOLD
audecInput(128)
audecDecode()
  DecodeData()
...ONHOLD
audecInput(128)
audecDecode()
  DecodeData()
...ONHOLD
audecInput(128)
audecDecode()
  DecodeData()
...ONHOLD
audecInput(128)
audecDecode()
  DecodeData()
...ONHOLD
audecInput(128)
audecDecode()
  DecodeData()
...ONHOLD
audecInput(128)
audecDecode()
  DecodeData()
...ONHOLD
audecInput(128)
audecDecode()
  DecodeData()
...ONHOLD
audecInput(128)
audecDecode()
  DecodeData()
...2048 samples ready
audecGetPCM(1024)
...1024 @ 19452
audecGetPCM(1024)
...1024 @ 20476
audecDecode()
  DecodeData()
...ONHOLD
audecInput(128)
audecDecode()
  DecodeData()
...ONHOLD
audecInput(128)
audecDecode()
  DecodeData()
...ONHOLD
audecInput(128)
audecDecode()
  DecodeData()
...ONHOLD
audecInput(128)
audecDecode()
  DecodeData()
...2048 samples ready
audecGetPCM(1024)
...1024 @ 21500
audecGetPCM(1024)
...1024 @ 22524
audecDecode()
  DecodeData()
...ONHOLD
audecInput(128)
audecDecode()
  DecodeData()
...ONHOLD
audecInput(128)
audecDecode()
  DecodeData()
...ONHOLD
audecInput(128)
audecDecode()
  DecodeData()
...ONHOLD
audecInput(128)
audecDecode()
  DecodeData()
...ONHOLD
audecInput(128)
audecDecode()
  DecodeData()
...2816 samples ready
audecGetPCM(1024)
...1024 @ 23548
audecGetPCM(1024)
...1024 @ 24572
audecGetPCM(1024)
...768 @ 25340
audecDecode()
  DecodeData()
...ONHOLD
audecInput(128)
audecDecode()
  DecodeData()
...ONHOLD
audecInput(128)
audecDecode()
  DecodeData()
audecDecode()
  DecodeData()
...ONHOLD
audecInput(128)
audecDecode()
  DecodeData()
audecDecode()
  DecodeData()
...ONHOLD
audecInput(128)
audecDecode()
  DecodeData()
audecDecode()
  DecodeData()
...ONHOLD
audecInput(128)
audecDecode()
  DecodeData()
audecDecode()
  DecodeData()
...ONHOLD
audecInput(128)
audecDecode()
  DecodeData()
audecDecode()
  DecodeData()
audecDecode()
  DecodeData()
...ONHOLD
audecInput(128)
audecDecode()
  DecodeData()
audecDecode()
  DecodeData()
...ONHOLD
audecInput(128)
audecDecode()
  DecodeData()
...ONHOLD
audecInput(128)
audecDecode()
  DecodeData()
...ONHOLD
audecInput(128)
audecDecode()
  DecodeData()
...2048 samples ready
audecGetPCM(1024)
...1024 @ 26364
audecGetPCM(1024)
...1024 @ 27388
audecDecode()
  DecodeData()
...ONHOLD
audecInput(128)
audecDecode()
  DecodeData()
...ONHOLD
audecInput(128)
audecDecode()
  DecodeData()
...ONHOLD
audecInput(57)
audecDecode()
  DecodeData()
...ONHOLD
audecInput(128) 650
audecDecode()
  DecodeData()
...ONHOLD
audecInput(128)
audecDecode()
  DecodeData()
...ONHOLD
audecInput(128)
audecDecode()
  DecodeData()
...ONHOLD
audecInput(128)
audecDecode()
  DecodeData()
...ONHOLD
audecInput(128)
audecDecode()
  DecodeData()
...ONHOLD
audecInput(128)
audecDecode()
  DecodeData()
...ONHOLD
audecInput(128)
audecDecode()
  DecodeData()
...1280 samples ready
...NO_MORE_FRAME
audecGetPCM(1024)
...1024 @ 28412
audecGetPCM(1024)
...256 @ 28668
audecDecode()
  DecodeInfo()
  DecodeData()
...ONHOLD
audecInput(128)
audecDecode()
  DecodeData()
...ONHOLD
audecInput(128)
audecDecode()
  DecodeData()
...ONHOLD
audecInput(128)
audecDecode()
  DecodeData()
...ONHOLD
audecInput(128)
audecDecode()
  DecodeData()
...2048 samples ready
audecGetPCM(1024)
...1024 @ 29689
audecGetPCM(1024)
...1024 @ 30713
audecDecode()
  DecodeData()
...ONHOLD
audecInput(128)
audecDecode()
  DecodeData()
...ONHOLD
audecInput(128)
audecDecode()
  DecodeData()
...ONHOLD
audecInput(128)
audecDecode()
  DecodeData()
...ONHOLD
audecInput(128)
audecDecode()
  DecodeData()
...ONHOLD
audecInput(128)
audecDecode()
  DecodeData()
...2048 samples ready
audecGetPCM(1024)
...1024 @ 31737
audecGetPCM(1024)
...1024 @ 32761
audecDecode()
  DecodeData()
...ONHOLD
audecInput(128)
audecDecode()
  DecodeData()
...ONHOLD
audecInput(128)
audecDecode()
  DecodeData()
...ONHOLD
audecInput(128)
audecDecode()
  DecodeData()
...2048 samples ready
audecGetPCM(1024)
...1024 @ 33785
audecGetPCM(1024)
...1024 @ 34809
audecDecode()
  DecodeData()
...ONHOLD
audecInput(128)
audecDecode()
  DecodeData()
...ONHOLD
audecInput(128)
audecDecode()
  DecodeData()
...ONHOLD
audecInput(128)
audecDecode()
  DecodeData()
...2048 samples ready
audecGetPCM(1024)
...1024 @ 35833
audecGetPCM(1024)
...1024 @ 36857
audecDecode()
  DecodeData()
...ONHOLD
audecInput(128)
audecDecode()
  DecodeData()
...ONHOLD
audecInput(128)
audecDecode()
  DecodeData()
...ONHOLD
audecInput(128)
audecDecode()
  DecodeData()
...2944 samples ready
audecGetPCM(1024)
...1024 @ 37881
audecGetPCM(1024)
...1024 @ 38905
audecGetPCM(1024)
...896 @ 39801
audecDecode()
  DecodeData()
...ONHOLD
audecInput(128)
audecDecode()
  DecodeData()
audecDecode()
  DecodeData()
audecDecode()
  DecodeData()
...ONHOLD
audecInput(128)
audecDecode()
  DecodeData()
audecDecode()
  DecodeData()
...ONHOLD
audecInput(128)
audecDecode()
  DecodeData()
...ONHOLD
audecInput(128)
audecDecode()
  DecodeData()
audecDecode()
  DecodeData()
...ONHOLD
audecInput(128)
audecDecode()
  DecodeData()
...ONHOLD
audecInput(128)
audecDecode()
  DecodeData()
...ONHOLD
audecInput(128)
audecDecode()
  DecodeData()
...1664 samples ready
audecGetPCM(1024)
...1024 @ 40825
audecGetPCM(1024)
...640 @ 41465
audecDecode()
  DecodeData()
...ONHOLD
audecInput(128)
audecDecode()
  DecodeData()
...ONHOLD
audecInput(128)
audecDecode()
  DecodeData()
...ONHOLD
audecInput(128)
audecDecode()
  DecodeData()
...ONHOLD
audecInput(128)
audecDecode()
  DecodeData()
...ONHOLD
audecInput(128)
audecDecode()
  DecodeData()
...ONHOLD
audecInput(128)
audecDecode()
  DecodeData()
...ONHOLD
audecInput(128)
audecDecode()
  DecodeData()
...1536 samples ready
audecGetPCM(1024)
...1024 @ 42489
audecGetPCM(1024)
...512 @ 43001
audecDecode()
  DecodeData()
...ONHOLD
audecInput(128)
audecDecode()
  DecodeData()
...ONHOLD
audecInput(128)
audecDecode()
  DecodeData()
...ONHOLD
audecInput(128)
audecDecode()
  DecodeData()
...ONHOLD
audecInput(128)
audecDecode()
  DecodeData()
...ONHOLD
audecInput(128)
audecDecode()
  DecodeData()
...2048 samples ready
audecGetPCM(1024)
...1024 @ 44025
audecGetPCM(1024)
...1024 @ 45049
audecDecode()
  DecodeData()
...ONHOLD
audecInput(128)
audecDecode()
  DecodeData()
...ONHOLD
audecInput(128)
audecDecode()
  DecodeData()
...ONHOLD
audecInput(57)
audecDecode()
  DecodeData()
...ONHOLD
audecInput(128) 1068
audecDecode()
  DecodeData()
...ONHOLD
audecInput(128)
audecDecode()
  DecodeData()
...ONHOLD
audecInput(128)
audecDecode()
  DecodeData()
...2048 samples ready
...NO_MORE_FRAME
audecGetPCM(1024)
...1024 @ 46073
audecGetPCM(1024)
...1024 @ 47097
audecDecode()
  DecodeInfo()
  DecodeData()
...ONHOLD
audecInput(128)
audecDecode()
  DecodeData()
...ONHOLD
audecInput(128)
audecDecode()
  DecodeData()
...ONHOLD
audecInput(128)
audecDecode()
  DecodeData()
...ONHOLD
audecInput(128)
audecDecode()
  DecodeData()
...ONHOLD
audecInput(128)
audecDecode()
  DecodeData()
...ONHOLD
audecInput(128)
audecDecode()
  DecodeData()
...ONHOLD
audecInput(128)
audecDecode()
  DecodeData()
...ONHOLD
audecInput(128)
audecDecode()
  DecodeData()
...ONHOLD
audecInput(128)
audecDecode()
  DecodeData()
...2048 samples ready
audecGetPCM(1024)
...1024 @ 48122
audecGetPCM(1024)
...1024 @ 49146
audecDecode()
  DecodeData()
...ONHOLD
audecInput(128)
audecDecode()
  DecodeData()
...ONHOLD
audecInput(128)
audecDecode()
  DecodeData()
...ONHOLD
audecInput(128)
audecDecode()
  DecodeData()
...ONHOLD
audecInput(128)
audecDecode()
  DecodeData()
...ONHOLD
audecInput(128)
audecDecode()
  DecodeData()
...ONHOLD
audecInput(128)
audecDecode()
  DecodeData()
...ONHOLD
audecInput(128)
audecDecode()
  DecodeData()
...2048 samples ready
audecGetPCM(1024)
...1024 @ 50170
audecGetPCM(1024)
...1024 @ 51194
audecDecode()
  DecodeData()
...ONHOLD
audecInput(128)
audecDecode()
  DecodeData()
...ONHOLD
audecInput(128)
audecDecode()
  DecodeData()
...ONHOLD
audecInput(128)
audecDecode()
  DecodeData()
...ONHOLD
audecInput(128)
audecDecode()
  DecodeData()
...ONHOLD
audecInput(128)
audecDecode()
  DecodeData()
...2048 samples ready
audecGetPCM(1024)
...1024 @ 52218
audecGetPCM(1024)
...1024 @ 53242
audecDecode()
  DecodeData()
...ONHOLD
audecInput(128)
audecDecode()
  DecodeData()
...ONHOLD
audecInput(128)
audecDecode()
  DecodeData()
...ONHOLD
audecInput(128)
audecDecode()
  DecodeData()
...ONHOLD
audecInput(128)
audecDecode()
  DecodeData()
...ONHOLD
audecInput(128)
audecDecode()
  DecodeData()
...2560 samples ready
audecGetPCM(1024)
...1024 @ 54266
audecGetPCM(1024)
...1024 @ 55290
audecGetPCM(1024)
...512 @ 55802
audecDecode()
  DecodeData()
...ONHOLD
audecInput(128)
audecDecode()
  DecodeData()
...ONHOLD
audecInput(128)
audecDecode()
  DecodeData()
...ONHOLD
audecInput(128)
audecDecode()
  DecodeData()
...ONHOLD
audecInput(128)
audecDecode()
  DecodeData()
...ONHOLD
audecInput(128)
audecDecode()
  DecodeData()
audecDecode()
  DecodeData()
...ONHOLD
audecInput(128)
audecDecode()
  DecodeData()
...ONHOLD
audecInput(128)
audecDecode()
  DecodeData()
...ONHOLD
audecInput(128)
audecDecode()
  DecodeData()
...ONHOLD
audecInput(128)
audecDecode()
  DecodeData()
...2048 samples ready
audecGetPCM(1024)
...1024 @ 56826
audecGetPCM(1024)
...1024 @ 57850
audecDecode()
  DecodeData()
...ONHOLD
audecInput(128)
audecDecode()
  DecodeData()
...ONHOLD
audecInput(128)
audecDecode()
  DecodeData()
...ONHOLD
audecInput(128)
audecDecode()
  DecodeData()
...ONHOLD
audecInput(128)
audecDecode()
  DecodeData()
...ONHOLD
audecInput(128)
audecDecode()
  DecodeData()
...1536 samples ready
audecGetPCM(1024)
...1024 @ 58874
audecGetPCM(1024)
...512 @ 59386
audecDecode()
  DecodeData()
...ONHOLD
audecInput(128)
audecDecode()
  DecodeData()
...ONHOLD
audecInput(128)
audecDecode()
  DecodeData()
...ONHOLD
audecInput(128)
audecDecode()
  DecodeData()
...ONHOLD
audecInput(57)
audecDecode()
  DecodeData()
...ONHOLD
audecInput(128) 1393
audecDecode()
  DecodeData()
...ONHOLD
audecInput(128)
audecDecode()
  DecodeData()
...ONHOLD
audecInput(128)
audecDecode()
  DecodeData()
...ONHOLD
audecInput(128)
audecDecode()
  DecodeData()
...ONHOLD
audecInput(128)
audecDecode()
  DecodeData()
...2048 samples ready
...NO_MORE_FRAME
audecGetPCM(1024)
...1024 @ 60410
audecGetPCM(1024)
...1024 @ 61434
audecDecode()
  DecodeInfo()
  DecodeData()
...ONHOLD
audecInput(128)
audecDecode()
  DecodeData()
...ONHOLD
audecInput(128)
audecDecode()
  DecodeData()
...ONHOLD
audecInput(128)
audecDecode()
  DecodeData()
...ONHOLD
audecInput(128)
audecDecode()
  DecodeData()
...ONHOLD
audecInput(128)
audecDecode()
  DecodeData()
...ONHOLD
audecInput(128)
audecDecode()
  DecodeData()
...ONHOLD
audecInput(128)
audecDecode()
  DecodeData()
...ONHOLD
audecInput(128)
audecDecode()
  DecodeData()
...2560 samples ready
audecGetPCM(1024)
...1024 @ 62455
audecGetPCM(1024)
...1024 @ 63479
